# x, y, theta, v_l, v_r
50.00, 4050.00, 1.571, 0.00, 0.00
50.00, 4050.00, 1.571, 0.00, 0.00
50.00, 4050.00, 1.571, 0.00, 0.00
50.00, 4050.00, 1.571, 0.00, 0.00
50.00, 4050.00, 1.570, 0.10, 0.00
50.00, 4050.00, 1.570, 0.10, 0.10
50.00, 4050.00, 1.570, 0.10, 0.10
50.00, 4050.00, 1.570, 0.10, 0.10
50.00, 4050.00, 1.570, 0.10, 0.10
50.00, 4050.01, 1.570, 0.10, 0.10
50.00, 4050.01, 1.580, 0.10, 1.08
50.00, 4050.02, 1.589, 0.10, 1.08
50.00, 4050.02, 1.599, 0.10, 1.08
50.00, 4050.03, 1.609, 0.10, 1.08
50.00, 4050.04, 1.609, 1.08, 1.08
50.00, 4050.05, 1.609, 1.08, 1.08
50.00, 4050.06, 1.609, 1.08, 1.08
50.00, 4050.07, 1.609, 1.08, 1.08
50.00, 4050.09, 1.599, 2.05, 1.08
50.00, 4050.10, 1.589, 2.05, 1.08
50.00, 4050.12, 1.580, 2.05, 1.08
50.00, 4050.13, 1.570, 2.05, 1.08
50.00, 4050.15, 1.560, 2.05, 1.08
50.00, 4050.17, 1.550, 2.05, 1.08
50.00, 4050.18, 1.540, 2.05, 1.08
50.00, 4050.20, 1.531, 2.05, 1.08
50.00, 4050.22, 1.531, 2.05, 2.05
50.00, 4050.24, 1.531, 2.05, 2.05
50.00, 4050.26, 1.531, 2.05, 2.05
50.00, 4050.28, 1.531, 2.05, 2.05
50.00, 4050.30, 1.531, 2.05, 2.05
50.00, 4050.32, 1.540, 2.05, 3.03
50.00, 4050.35, 1.550, 2.05, 3.03
50.00, 4050.38, 1.560, 2.05, 3.03
50.00, 4050.41, 1.560, 3.03, 3.03
50.00, 4050.44, 1.560, 3.03, 3.03
50.01, 4050.47, 1.560, 3.03, 3.03
50.01, 4050.50, 1.560, 3.03, 3.03
50.01, 4050.53, 1.560, 3.03, 3.03
50.01, 4050.56, 1.550, 4.01, 3.03
50.01, 4050.60, 1.540, 4.01, 3.03
50.01, 4050.63, 1.531, 4.01, 3.03
50.01, 4050.67, 1.521, 4.01, 3.03
50.01, 4050.71, 1.521, 4.01, 4.01
50.01, 4050.75, 1.521, 4.01, 4.01
50.02, 4050.79, 1.521, 4.01, 4.01
50.02, 4050.83, 1.521, 4.01, 4.01
50.02, 4050.87, 1.531, 4.01, 4.99
50.02, 4050.92, 1.540, 4.01, 4.99
50.02, 4050.96, 1.550, 4.01, 4.99
50.02, 4051.01, 1.560, 4.01, 4.99
50.02, 4051.06, 1.560, 4.99, 4.99
50.02, 4051.11, 1.560, 4.99, 4.99
50.03, 4051.16, 1.560, 4.99, 4.99
50.03, 4051.21, 1.560, 4.99, 4.99
50.03, 4051.26, 1.560, 4.99, 4.99
50.03, 4051.31, 1.550, 5.96, 4.99
50.03, 4051.37, 1.540, 5.96, 4.99
50.03, 4051.42, 1.531, 5.96, 4.99
50.03, 4051.48, 1.521, 5.96, 4.99
50.04, 4051.54, 1.521, 5.96, 5.96
50.04, 4051.59, 1.521, 5.96, 5.96
50.04, 4051.65, 1.521, 5.96, 5.96
50.04, 4051.71, 1.521, 5.96, 5.96
50.05, 4051.78, 1.531, 5.96, 6.94
50.05, 4051.84, 1.540, 5.96, 6.94
50.05, 4051.91, 1.550, 5.96, 6.94
50.05, 4051.97, 1.560, 5.96, 6.94
50.05, 4052.04, 1.560, 6.94, 6.94
50.05, 4052.11, 1.560, 6.94, 6.94
50.05, 4052.18, 1.560, 6.94, 6.94
50.06, 4052.25, 1.560, 6.94, 6.94
50.06, 4052.32, 1.560, 6.94, 6.94
50.06, 4052.39, 1.550, 7.92, 6.94
50.06, 4052.47, 1.540, 7.92, 6.94
50.06, 4052.54, 1.531, 7.92, 6.94
50.07, 4052.62, 1.521, 7.92, 6.94
50.07, 4052.70, 1.521, 7.92, 7.92
50.07, 4052.77, 1.521, 7.92, 7.92
50.08, 4052.85, 1.521, 7.92, 7.92
50.08, 4052.93, 1.521, 7.92, 7.92
50.08, 4053.01, 1.521, 7.92, 7.92
50.09, 4053.10, 1.531, 7.92, 8.90
50.09, 4053.18, 1.540, 7.92, 8.90
50.09, 4053.27, 1.540, 8.90, 8.90
50.10, 4053.36, 1.540, 8.90, 8.90
50.10, 4053.45, 1.540, 8.90, 8.90
50.10, 4053.54, 1.540, 8.90, 8.90
50.11, 4053.63, 1.531, 9.87, 8.90
50.11, 4053.72, 1.521, 9.87, 8.90
50.12, 4053.82, 1.511, 9.87, 8.90
50.12, 4053.91, 1.511, 9.87, 9.87
50.13, 4054.01, 1.511, 9.87, 9.87
50.13, 4054.11, 1.511, 9.87, 9.87
50.14, 4054.21, 1.511, 9.87, 9.87
50.14, 4054.31, 1.511, 9.87, 9.87
50.15, 4054.41, 1.511, 9.87, 9.87
50.16, 4054.51, 1.511, 9.87, 9.87
50.16, 4054.60, 1.511, 9.87, 9.87
50.17, 4054.70, 1.511, 9.87, 9.87
50.17, 4054.80, 1.511, 9.87, 9.87
50.18, 4054.90, 1.511, 9.87, 9.87
50.19, 4055.00, 1.511, 9.87, 9.87
50.19, 4055.10, 1.511, 9.87, 9.87
50.20, 4055.20, 1.511, 9.87, 9.87
50.20, 4055.29, 1.511, 9.87, 9.87
50.21, 4055.39, 1.511, 9.87, 9.87
50.22, 4055.49, 1.511, 9.87, 9.87
50.22, 4055.59, 1.511, 9.87, 9.87
50.23, 4055.69, 1.511, 9.87, 9.87
50.23, 4055.79, 1.511, 9.87, 9.87
50.24, 4055.89, 1.511, 9.87, 9.87
50.24, 4055.98, 1.511, 9.87, 9.87
50.25, 4056.08, 1.511, 9.87, 9.87
50.26, 4056.18, 1.511, 9.87, 9.87
50.26, 4056.28, 1.511, 9.87, 9.87
50.27, 4056.38, 1.511, 9.87, 9.87
50.27, 4056.48, 1.511, 9.87, 9.87
50.28, 4056.58, 1.511, 9.87, 9.87
50.29, 4056.67, 1.511, 9.87, 9.87
50.29, 4056.77, 1.511, 9.87, 9.87
50.30, 4056.87, 1.511, 9.87, 9.87
50.30, 4056.97, 1.511, 9.87, 9.87
50.31, 4057.07, 1.511, 9.87, 9.87
50.32, 4057.17, 1.511, 9.87, 9.87
50.32, 4057.27, 1.511, 9.87, 9.87
50.33, 4057.36, 1.511, 9.87, 9.87
50.33, 4057.46, 1.511, 9.87, 9.87
50.34, 4057.56, 1.511, 9.87, 9.87
50.34, 4057.66, 1.511, 9.87, 9.87
50.35, 4057.76, 1.511, 9.87, 9.87
50.36, 4057.86, 1.511, 9.87, 9.87
50.36, 4057.96, 1.511, 9.87, 9.87
50.37, 4058.05, 1.511, 9.87, 9.87
50.37, 4058.15, 1.511, 9.87, 9.87
50.38, 4058.25, 1.511, 9.87, 9.87
50.39, 4058.35, 1.511, 9.87, 9.87
50.39, 4058.45, 1.511, 9.87, 9.87
50.40, 4058.55, 1.511, 9.87, 9.87
50.40, 4058.65, 1.511, 9.87, 9.87
50.41, 4058.74, 1.511, 9.87, 9.87
50.42, 4058.84, 1.511, 9.87, 9.87
50.42, 4058.94, 1.511, 9.87, 9.87
50.43, 4059.04, 1.511, 9.87, 9.87
50.43, 4059.14, 1.511, 9.87, 9.87
50.44, 4059.24, 1.511, 9.87, 9.87
50.44, 4059.34, 1.511, 9.87, 9.87
50.45, 4059.43, 1.511, 9.87, 9.87
50.46, 4059.53, 1.511, 9.87, 9.87
50.46, 4059.63, 1.511, 9.87, 9.87
50.47, 4059.73, 1.511, 9.87, 9.87
50.47, 4059.83, 1.511, 9.87, 9.87
50.48, 4059.93, 1.511, 9.87, 9.87
50.49, 4060.03, 1.511, 9.87, 9.87
50.49, 4060.12, 1.511, 9.87, 9.87
50.50, 4060.22, 1.511, 9.87, 9.87
50.50, 4060.32, 1.511, 9.87, 9.87
50.51, 4060.42, 1.511, 9.87, 9.87
50.52, 4060.52, 1.511, 9.87, 9.87
50.52, 4060.62, 1.511, 9.87, 9.87
50.53, 4060.71, 1.511, 9.87, 9.87
50.53, 4060.81, 1.511, 9.87, 9.87
50.54, 4060.91, 1.511, 9.87, 9.87
50.54, 4061.01, 1.511, 9.87, 9.87
50.55, 4061.11, 1.511, 9.87, 9.87
50.56, 4061.21, 1.511, 9.87, 9.87
50.56, 4061.31, 1.511, 9.87, 9.87
50.57, 4061.40, 1.511, 9.87, 9.87
50.57, 4061.50, 1.511, 9.87, 9.87
50.58, 4061.60, 1.511, 9.87, 9.87
50.59, 4061.70, 1.511, 9.87, 9.87
50.59, 4061.80, 1.511, 9.87, 9.87
50.60, 4061.90, 1.511, 9.87, 9.87
50.60, 4062.00, 1.511, 9.87, 9.87
50.61, 4062.09, 1.511, 9.87, 9.87
50.62, 4062.19, 1.511, 9.87, 9.87
50.62, 4062.29, 1.511, 9.87, 9.87
50.63, 4062.39, 1.511, 9.87, 9.87
50.63, 4062.49, 1.511, 9.87, 9.87
50.64, 4062.59, 1.511, 9.87, 9.87
50.64, 4062.69, 1.511, 9.87, 9.87
50.65, 4062.78, 1.511, 9.87, 9.87
50.66, 4062.88, 1.511, 9.87, 9.87
50.66, 4062.98, 1.511, 9.87, 9.87
50.67, 4063.08, 1.511, 9.87, 9.87
50.67, 4063.18, 1.511, 9.87, 9.87
50.68, 4063.28, 1.511, 9.87, 9.87
50.69, 4063.38, 1.511, 9.87, 9.87
50.69, 4063.47, 1.511, 9.87, 9.87
50.70, 4063.57, 1.511, 9.87, 9.87
50.70, 4063.67, 1.511, 9.87, 9.87
50.71, 4063.77, 1.511, 9.87, 9.87
50.72, 4063.87, 1.511, 9.87, 9.87
50.72, 4063.97, 1.511, 9.87, 9.87
50.73, 4064.07, 1.511, 9.87, 9.87
50.73, 4064.16, 1.511, 9.87, 9.87
50.74, 4064.26, 1.511, 9.87, 9.87
50.74, 4064.36, 1.511, 9.87, 9.87
50.75, 4064.46, 1.511, 9.87, 9.87
50.76, 4064.56, 1.511, 9.87, 9.87
50.76, 4064.66, 1.511, 9.87, 9.87
50.77, 4064.76, 1.511, 9.87, 9.87
50.77, 4064.85, 1.511, 9.87, 9.87
50.78, 4064.95, 1.511, 9.87, 9.87
50.79, 4065.05, 1.511, 9.87, 9.87
50.79, 4065.15, 1.511, 9.87, 9.87
50.80, 4065.25, 1.511, 9.87, 9.87
50.80, 4065.35, 1.511, 9.87, 9.87
50.81, 4065.45, 1.511, 9.87, 9.87
50.82, 4065.54, 1.511, 9.87, 9.87
50.82, 4065.64, 1.511, 9.87, 9.87
50.83, 4065.74, 1.511, 9.87, 9.87
50.83, 4065.84, 1.511, 9.87, 9.87
50.84, 4065.94, 1.511, 9.87, 9.87
50.84, 4066.04, 1.511, 9.87, 9.87
50.85, 4066.14, 1.511, 9.87, 9.87
50.86, 4066.23, 1.511, 9.87, 9.87
50.86, 4066.33, 1.511, 9.87, 9.87
50.87, 4066.43, 1.511, 9.87, 9.87
50.87, 4066.53, 1.511, 9.87, 9.87
50.88, 4066.63, 1.511, 9.87, 9.87
50.89, 4066.73, 1.511, 9.87, 9.87
50.89, 4066.83, 1.511, 9.87, 9.87
50.90, 4066.92, 1.511, 9.87, 9.87
50.90, 4067.02, 1.511, 9.87, 9.87
50.91, 4067.12, 1.511, 9.87, 9.87
50.92, 4067.22, 1.511, 9.87, 9.87
50.92, 4067.32, 1.511, 9.87, 9.87
50.93, 4067.42, 1.511, 9.87, 9.87
50.93, 4067.52, 1.511, 9.87, 9.87
50.94, 4067.61, 1.511, 9.87, 9.87
50.94, 4067.71, 1.511, 9.87, 9.87
50.95, 4067.81, 1.511, 9.87, 9.87
50.96, 4067.91, 1.511, 9.87, 9.87
50.96, 4068.01, 1.511, 9.87, 9.87
50.97, 4068.11, 1.511, 9.87, 9.87
50.97, 4068.21, 1.511, 9.87, 9.87
50.98, 4068.30, 1.511, 9.87, 9.87
50.99, 4068.40, 1.511, 9.87, 9.87
50.99, 4068.50, 1.511, 9.87, 9.87
51.00, 4068.60, 1.511, 9.87, 9.87
51.00, 4068.70, 1.511, 9.87, 9.87
51.01, 4068.80, 1.511, 9.87, 9.87
51.02, 4068.89, 1.511, 9.87, 9.87
51.02, 4068.99, 1.511, 9.87, 9.87
51.03, 4069.09, 1.511, 9.87, 9.87
51.03, 4069.19, 1.511, 9.87, 9.87
51.04, 4069.29, 1.511, 9.87, 9.87
51.04, 4069.39, 1.511, 9.87, 9.87
51.05, 4069.49, 1.511, 9.87, 9.87
51.06, 4069.58, 1.511, 9.87, 9.87
51.06, 4069.68, 1.511, 9.87, 9.87
51.07, 4069.78, 1.511, 9.87, 9.87
51.07, 4069.88, 1.511, 9.87, 9.87
51.08, 4069.98, 1.511, 9.87, 9.87
51.09, 4070.08, 1.511, 9.87, 9.87
51.09, 4070.18, 1.511, 9.87, 9.87
51.10, 4070.27, 1.511, 9.87, 9.87
51.10, 4070.37, 1.511, 9.87, 9.87
51.11, 4070.47, 1.511, 9.87, 9.87
51.12, 4070.57, 1.511, 9.87, 9.87
51.12, 4070.67, 1.511, 9.87, 9.87
51.13, 4070.77, 1.511, 9.87, 9.87
51.13, 4070.87, 1.511, 9.87, 9.87
51.14, 4070.96, 1.511, 9.87, 9.87
51.14, 4071.06, 1.511, 9.87, 9.87
51.15, 4071.16, 1.511, 9.87, 9.87
51.16, 4071.26, 1.511, 9.87, 9.87
51.16, 4071.36, 1.511, 9.87, 9.87
51.17, 4071.46, 1.511, 9.87, 9.87
51.17, 4071.56, 1.511, 9.87, 9.87
51.18, 4071.65, 1.511, 9.87, 9.87
51.19, 4071.75, 1.511, 9.87, 9.87
51.19, 4071.85, 1.511, 9.87, 9.87
51.20, 4071.95, 1.511, 9.87, 9.87
51.20, 4072.05, 1.511, 9.87, 9.87
51.21, 4072.15, 1.511, 9.87, 9.87
51.22, 4072.25, 1.511, 9.87, 9.87
51.22, 4072.34, 1.511, 9.87, 9.87
51.23, 4072.44, 1.511, 9.87, 9.87
51.23, 4072.54, 1.511, 9.87, 9.87
51.24, 4072.64, 1.511, 9.87, 9.87
51.24, 4072.74, 1.511, 9.87, 9.87
51.25, 4072.84, 1.511, 9.87, 9.87
51.26, 4072.94, 1.511, 9.87, 9.87
51.26, 4073.03, 1.511, 9.87, 9.87
51.27, 4073.13, 1.511, 9.87, 9.87
51.27, 4073.23, 1.511, 9.87, 9.87
51.28, 4073.33, 1.511, 9.87, 9.87
51.29, 4073.43, 1.511, 9.87, 9.87
51.29, 4073.53, 1.511, 9.87, 9.87
51.30, 4073.63, 1.511, 9.87, 9.87
51.30, 4073.72, 1.511, 9.87, 9.87
51.31, 4073.82, 1.511, 9.87, 9.87
51.32, 4073.92, 1.511, 9.87, 9.87
51.32, 4074.02, 1.511, 9.87, 9.87
51.33, 4074.12, 1.511, 9.87, 9.87
51.33, 4074.22, 1.511, 9.87, 9.87
51.34, 4074.32, 1.511, 9.87, 9.87
51.34, 4074.41, 1.511, 9.87, 9.87
51.35, 4074.51, 1.511, 9.87, 9.87
51.36, 4074.61, 1.511, 9.87, 9.87
51.36, 4074.71, 1.511, 9.87, 9.87
51.37, 4074.81, 1.511, 9.87, 9.87
51.37, 4074.91, 1.511, 9.87, 9.87
51.38, 4075.01, 1.511, 9.87, 9.87
51.39, 4075.10, 1.511, 9.87, 9.87
51.39, 4075.20, 1.511, 9.87, 9.87
51.40, 4075.30, 1.511, 9.87, 9.87
51.40, 4075.40, 1.511, 9.87, 9.87
51.41, 4075.50, 1.511, 9.87, 9.87
51.42, 4075.60, 1.511, 9.87, 9.87
51.42, 4075.70, 1.511, 9.87, 9.87
51.43, 4075.79, 1.511, 9.87, 9.87
51.43, 4075.89, 1.511, 9.87, 9.87
51.44, 4075.99, 1.511, 9.87, 9.87
51.44, 4076.09, 1.511, 9.87, 9.87
51.45, 4076.19, 1.511, 9.87, 9.87
51.46, 4076.29, 1.511, 9.87, 9.87
51.46, 4076.38, 1.511, 9.87, 9.87
51.47, 4076.48, 1.511, 9.87, 9.87
51.47, 4076.58, 1.511, 9.87, 9.87
51.48, 4076.68, 1.511, 9.87, 9.87
51.49, 4076.78, 1.511, 9.87, 9.87
51.49, 4076.88, 1.511, 9.87, 9.87
51.50, 4076.98, 1.511, 9.87, 9.87
51.50, 4077.07, 1.511, 9.87, 9.87
51.51, 4077.17, 1.511, 9.87, 9.87
51.52, 4077.27, 1.511, 9.87, 9.87
51.52, 4077.37, 1.511, 9.87, 9.87
51.53, 4077.47, 1.511, 9.87, 9.87
51.53, 4077.57, 1.511, 9.87, 9.87
51.54, 4077.67, 1.511, 9.87, 9.87
51.54, 4077.76, 1.511, 9.87, 9.87
51.55, 4077.86, 1.511, 9.87, 9.87
51.56, 4077.96, 1.511, 9.87, 9.87
51.56, 4078.06, 1.511, 9.87, 9.87
51.57, 4078.16, 1.511, 9.87, 9.87
51.57, 4078.26, 1.511, 9.87, 9.87
51.58, 4078.36, 1.511, 9.87, 9.87
51.59, 4078.45, 1.511, 9.87, 9.87
51.59, 4078.55, 1.511, 9.87, 9.87
51.60, 4078.65, 1.511, 9.87, 9.87
51.60, 4078.75, 1.511, 9.87, 9.87
51.61, 4078.85, 1.511, 9.87, 9.87
51.62, 4078.95, 1.511, 9.87, 9.87
51.62, 4079.05, 1.511, 9.87, 9.87
51.63, 4079.14, 1.511, 9.87, 9.87
51.63, 4079.24, 1.511, 9.87, 9.87
51.64, 4079.34, 1.511, 9.87, 9.87
51.64, 4079.44, 1.511, 9.87, 9.87
51.65, 4079.54, 1.511, 9.87, 9.87
51.66, 4079.64, 1.511, 9.87, 9.87
51.66, 4079.74, 1.511, 9.87, 9.87
51.67, 4079.83, 1.511, 9.87, 9.87
51.67, 4079.93, 1.511, 9.87, 9.87
51.68, 4080.03, 1.511, 9.87, 9.87
51.69, 4080.13, 1.511, 9.87, 9.87
51.69, 4080.23, 1.511, 9.87, 9.87
51.70, 4080.33, 1.511, 9.87, 9.87
51.70, 4080.43, 1.511, 9.87, 9.87
51.71, 4080.52, 1.511, 9.87, 9.87
51.72, 4080.62, 1.511, 9.87, 9.87
51.72, 4080.72, 1.511, 9.87, 9.87
51.73, 4080.82, 1.511, 9.87, 9.87
51.73, 4080.92, 1.511, 9.87, 9.87
51.74, 4081.02, 1.511, 9.87, 9.87
51.74, 4081.12, 1.511, 9.87, 9.87
51.75, 4081.21, 1.511, 9.87, 9.87
51.76, 4081.31, 1.511, 9.87, 9.87
51.76, 4081.41, 1.511, 9.87, 9.87
51.77, 4081.51, 1.511, 9.87, 9.87
51.77, 4081.61, 1.511, 9.87, 9.87
51.78, 4081.71, 1.511, 9.87, 9.87
51.79, 4081.81, 1.511, 9.87, 9.87
51.79, 4081.90, 1.511, 9.87, 9.87
51.80, 4082.00, 1.511, 9.87, 9.87
51.80, 4082.10, 1.511, 9.87, 9.87
51.81, 4082.20, 1.511, 9.87, 9.87
51.82, 4082.30, 1.511, 9.87, 9.87
51.82, 4082.40, 1.511, 9.87, 9.87
51.83, 4082.50, 1.511, 9.87, 9.87
51.83, 4082.59, 1.511, 9.87, 9.87
51.84, 4082.69, 1.511, 9.87, 9.87
51.84, 4082.79, 1.511, 9.87, 9.87
51.85, 4082.89, 1.511, 9.87, 9.87
51.86, 4082.99, 1.511, 9.87, 9.87
51.86, 4083.09, 1.511, 9.87, 9.87
51.87, 4083.19, 1.511, 9.87, 9.87
51.87, 4083.28, 1.511, 9.87, 9.87
51.88, 4083.38, 1.511, 9.87, 9.87
51.89, 4083.48, 1.511, 9.87, 9.87
51.89, 4083.58, 1.511, 9.87, 9.87
51.90, 4083.68, 1.511, 9.87, 9.87
51.90, 4083.78, 1.511, 9.87, 9.87
51.91, 4083.88, 1.511, 9.87, 9.87
51.92, 4083.97, 1.511, 9.87, 9.87
51.92, 4084.07, 1.511, 9.87, 9.87
51.93, 4084.17, 1.511, 9.87, 9.87
51.93, 4084.27, 1.511, 9.87, 9.87
51.94, 4084.37, 1.511, 9.87, 9.87
51.94, 4084.47, 1.511, 9.87, 9.87
51.95, 4084.56, 1.511, 9.87, 9.87
51.96, 4084.66, 1.511, 9.87, 9.87
51.96, 4084.76, 1.511, 9.87, 9.87
51.97, 4084.86, 1.511, 9.87, 9.87
51.97, 4084.96, 1.511, 9.87, 9.87
51.98, 4085.06, 1.511, 9.87, 9.87
51.99, 4085.16, 1.511, 9.87, 9.87
51.99, 4085.25, 1.511, 9.87, 9.87
52.00, 4085.35, 1.511, 9.87, 9.87
52.00, 4085.45, 1.511, 9.87, 9.87
52.01, 4085.55, 1.511, 9.87, 9.87
52.02, 4085.65, 1.511, 9.87, 9.87
52.02, 4085.75, 1.511, 9.87, 9.87
52.03, 4085.85, 1.511, 9.87, 9.87
52.03, 4085.94, 1.511, 9.87, 9.87
52.04, 4086.04, 1.511, 9.87, 9.87
52.04, 4086.14, 1.511, 9.87, 9.87
52.05, 4086.24, 1.511, 9.87, 9.87
52.06, 4086.34, 1.511, 9.87, 9.87
52.06, 4086.44, 1.511, 9.87, 9.87
52.07, 4086.54, 1.511, 9.87, 9.87
52.07, 4086.63, 1.511, 9.87, 9.87
52.08, 4086.73, 1.511, 9.87, 9.87
52.09, 4086.83, 1.511, 9.87, 9.87
52.09, 4086.93, 1.511, 9.87, 9.87
52.10, 4087.03, 1.511, 9.87, 9.87
52.10, 4087.13, 1.511, 9.87, 9.87
52.11, 4087.23, 1.511, 9.87, 9.87
52.12, 4087.32, 1.511, 9.87, 9.87
52.12, 4087.42, 1.511, 9.87, 9.87
52.13, 4087.52, 1.511, 9.87, 9.87
52.13, 4087.62, 1.511, 9.87, 9.87
52.14, 4087.72, 1.511, 9.87, 9.87
52.14, 4087.82, 1.511, 9.87, 9.87
52.15, 4087.92, 1.511, 9.87, 9.87
52.16, 4088.01, 1.511, 9.87, 9.87
52.16, 4088.11, 1.511, 9.87, 9.87
52.17, 4088.21, 1.511, 9.87, 9.87
52.17, 4088.31, 1.511, 9.87, 9.87
52.18, 4088.41, 1.511, 9.87, 9.87
52.19, 4088.51, 1.511, 9.87, 9.87
52.19, 4088.61, 1.511, 9.87, 9.87
52.20, 4088.70, 1.511, 9.87, 9.87
52.20, 4088.80, 1.511, 9.87, 9.87
52.21, 4088.90, 1.511, 9.87, 9.87
52.22, 4089.00, 1.511, 9.87, 9.87
52.22, 4089.10, 1.511, 9.87, 9.87
52.23, 4089.20, 1.511, 9.87, 9.87
52.23, 4089.30, 1.511, 9.87, 9.87
52.24, 4089.39, 1.511, 9.87, 9.87
52.24, 4089.49, 1.511, 9.87, 9.87
52.25, 4089.59, 1.511, 9.87, 9.87
52.26, 4089.69, 1.511, 9.87, 9.87
52.26, 4089.79, 1.511, 9.87, 9.87
52.27, 4089.89, 1.511, 9.87, 9.87
52.27, 4089.99, 1.511, 9.87, 9.87
52.28, 4090.08, 1.511, 9.87, 9.87
52.29, 4090.18, 1.511, 9.87, 9.87
52.29, 4090.28, 1.511, 9.87, 9.87
52.30, 4090.38, 1.511, 9.87, 9.87
52.30, 4090.48, 1.511, 9.87, 9.87
52.31, 4090.58, 1.511, 9.87, 9.87
52.32, 4090.68, 1.511, 9.87, 9.87
52.32, 4090.77, 1.511, 9.87, 9.87
52.33, 4090.87, 1.511, 9.87, 9.87
52.33, 4090.97, 1.511, 9.87, 9.87
52.34, 4091.07, 1.511, 9.87, 9.87
52.34, 4091.17, 1.511, 9.87, 9.87
52.35, 4091.27, 1.511, 9.87, 9.87
52.36, 4091.37, 1.511, 9.87, 9.87
52.36, 4091.46, 1.511, 9.87, 9.87
52.37, 4091.56, 1.511, 9.87, 9.87
52.37, 4091.66, 1.511, 9.87, 9.87
52.38, 4091.76, 1.511, 9.87, 9.87
52.39, 4091.86, 1.511, 9.87, 9.87
52.39, 4091.96, 1.511, 9.87, 9.87
52.40, 4092.06, 1.511, 9.87, 9.87
52.40, 4092.15, 1.511, 9.87, 9.87
52.41, 4092.25, 1.511, 9.87, 9.87
52.42, 4092.35, 1.511, 9.87, 9.87
52.42, 4092.45, 1.511, 9.87, 9.87
52.43, 4092.55, 1.511, 9.87, 9.87
52.43, 4092.65, 1.511, 9.87, 9.87
52.44, 4092.74, 1.511, 9.87, 9.87
52.44, 4092.84, 1.511, 9.87, 9.87
52.45, 4092.94, 1.511, 9.87, 9.87
52.46, 4093.04, 1.511, 9.87, 9.87
52.46, 4093.14, 1.511, 9.87, 9.87
52.47, 4093.24, 1.511, 9.87, 9.87
52.47, 4093.34, 1.511, 9.87, 9.87
52.48, 4093.43, 1.511, 9.87, 9.87
52.49, 4093.53, 1.511, 9.87, 9.87
52.49, 4093.63, 1.511, 9.87, 9.87
52.50, 4093.73, 1.511, 9.87, 9.87
52.50, 4093.83, 1.511, 9.87, 9.87
52.51, 4093.93, 1.511, 9.87, 9.87
52.52, 4094.03, 1.511, 9.87, 9.87
52.52, 4094.12, 1.511, 9.87, 9.87
52.53, 4094.22, 1.511, 9.87, 9.87
52.53, 4094.32, 1.511, 9.87, 9.87
52.54, 4094.42, 1.511, 9.87, 9.87
52.55, 4094.52, 1.511, 9.87, 9.87
52.55, 4094.62, 1.511, 9.87, 9.87
52.56, 4094.72, 1.511, 9.87, 9.87
52.56, 4094.81, 1.511, 9.87, 9.87
52.57, 4094.91, 1.511, 9.87, 9.87
52.57, 4095.01, 1.511, 9.87, 9.87
52.58, 4095.11, 1.511, 9.87, 9.87
52.59, 4095.21, 1.511, 9.87, 9.87
52.59, 4095.31, 1.511, 9.87, 9.87
52.60, 4095.41, 1.511, 9.87, 9.87
52.60, 4095.50, 1.511, 9.87, 9.87
52.61, 4095.60, 1.511, 9.87, 9.87
52.62, 4095.70, 1.511, 9.87, 9.87
52.62, 4095.80, 1.511, 9.87, 9.87
52.63, 4095.90, 1.511, 9.87, 9.87
52.63, 4096.00, 1.511, 9.87, 9.87
52.64, 4096.10, 1.511, 9.87, 9.87
52.65, 4096.19, 1.511, 9.87, 9.87
52.65, 4096.29, 1.511, 9.87, 9.87
52.66, 4096.39, 1.511, 9.87, 9.87
52.66, 4096.49, 1.511, 9.87, 9.87
52.67, 4096.59, 1.511, 9.87, 9.87
